<?xml version="1.0" encoding="UTF-8"?>
<!-- Generated by org.testng.reporters.JUnitXMLReporter -->
<testsuite ignored="0" hostname="CLW606-959" failures="1" tests="2" name="Default test" time="26.783" errors="0" timestamp="2023-03-13T23:26:06 IST">
  <testcase classname="com.ps.tests.web.AddUsersTest" name="testAddUsers" time="9.769">
    <failure type="org.junit.ComparisonFailure" message="Error message is not displayed. expected:&amp;lt;[tru]e&amp;gt; but was:&amp;lt;[fals]e&amp;gt;">
      <![CDATA[org.junit.ComparisonFailure: Error message is not displayed. expected:<[tru]e> but was:<[fals]e>
at java.base/jdk.internal.reflect.DirectConstructorHandleAccessor.newInstance(DirectConstructorHandleAccessor.java:67)
at java.base/java.lang.reflect.Constructor.newInstanceWithCaller(Constructor.java:500)
at com.ps.tests.web.AddUsersTest.testAddUsers(AddUsersTest.java:36)
at java.base/jdk.internal.reflect.DirectMethodHandleAccessor.invoke(DirectMethodHandleAccessor.java:104)
at java.base/java.lang.reflect.Method.invoke(Method.java:578)
at org.testng.internal.invokers.MethodInvocationHelper.invokeMethod(MethodInvocationHelper.java:139)
at org.testng.internal.invokers.TestInvoker.invokeMethod(TestInvoker.java:677)
at org.testng.internal.invokers.TestInvoker.invokeTestMethod(TestInvoker.java:221)
at org.testng.internal.invokers.TestMethodWithDataProviderMethodWorker.call(TestMethodWithDataProviderMethodWorker.java:80)
at org.testng.internal.invokers.TestMethodWithDataProviderMethodWorker.call(TestMethodWithDataProviderMethodWorker.java:17)
at java.base/java.util.concurrent.FutureTask.run(FutureTask.java:317)
at java.base/java.util.concurrent.Executors$RunnableAdapter.call(Executors.java:577)
at java.base/java.util.concurrent.FutureTask.run(FutureTask.java:317)
at java.base/java.util.concurrent.ThreadPoolExecutor.runWorker(ThreadPoolExecutor.java:1144)
at java.base/java.util.concurrent.ThreadPoolExecutor$Worker.run(ThreadPoolExecutor.java:642)
at java.base/java.lang.Thread.run(Thread.java:1589)
]]>
    </failure>
  </testcase> <!-- testAddUsers -->
  <testcase classname="com.ps.tests.web.AddUsersTest" name="testAddUsers" time="10.954"/>
</testsuite> <!-- Default test -->
