<?xml version="1.0" encoding="UTF-8"?>
<testng-results ignored="0" total="1" passed="1" failed="0" skipped="0">
  <reporter-output>
  </reporter-output>
  <suite started-at="2023-03-09T16:19:07 IST" name="Default suite" finished-at="2023-03-09T16:19:07 IST" duration-ms="145">
    <groups>
    </groups>
    <test started-at="2023-03-09T16:19:07 IST" name="Default test" finished-at="2023-03-09T16:19:07 IST" duration-ms="145">
      <class name="com.tmb.tests.DemoTest">
        <test-method signature="testLogin()[pri:0, instance:com.tmb.tests.DemoTest@1ebea008]" started-at="2023-03-09T16:19:07 IST" name="testLogin" finished-at="2023-03-09T16:19:07 IST" duration-ms="90" status="PASS">
          <reporter-output>
          </reporter-output>
        </test-method> <!-- testLogin -->
      </class> <!-- com.tmb.tests.DemoTest -->
    </test> <!-- Default test -->
  </suite> <!-- Default suite -->
</testng-results>
